[INFO] Scanning for projects...
[INFO] 
[INFO] ---------------< com.laundry:laundry-management-system >----------------
[INFO] Building laundry-management-system 0.0.1-SNAPSHOT
[INFO]   from pom.xml
[INFO] --------------------------------[ jar ]---------------------------------
[INFO] 
[INFO] --- clean:3.4.1:clean (default-clean) @ laundry-management-system ---
[INFO] Deleting C:\Users\user\Downloads\Laundry_Management_System-main\Laundry_Management_System-main\target
[INFO] 
[INFO] >>> spring-boot:3.5.6:run (default-cli) > test-compile @ laundry-management-system >>>
[INFO] 
[INFO] --- resources:3.3.1:resources (default-resources) @ laundry-management-system ---
[INFO] Copying 3 resources from src\main\resources to target\classes
[INFO] Copying 0 resource from src\main\resources to target\classes
[INFO] 
[INFO] --- compiler:3.14.0:compile (default-compile) @ laundry-management-system ---
[INFO] Recompiling the module because of changed source code.
[INFO] Compiling 38 source files with javac [debug parameters release 17] to target\classes
[INFO] ------------------------------------------------------------------------
[INFO] BUILD FAILURE
[INFO] ------------------------------------------------------------------------
[INFO] Total time:  1.022 s
[INFO] Finished at: 2026-06-15T00:37:36+05:30
[INFO] ------------------------------------------------------------------------
[ERROR] Failed to execute goal org.apache.maven.plugins:maven-compiler-plugin:3.14.0:compile (default-compile) on project laundry-management-system: Fatal error compiling: error: release version 17 not supported -> [Help 1]
[ERROR] 
[ERROR] To see the full stack trace of the errors, re-run Maven with the -e switch.
[ERROR] Re-run Maven using the -X switch to enable full debug logging.
[ERROR] 
[ERROR] For more information about the errors and possible solutions, please read the following articles:
[ERROR] [Help 1] http://cwiki.apache.org/confluence/display/MAVEN/MojoExecutionException
